<?xml version="1.0" encoding="UTF-8"?>
<!-- Generated by org.testng.reporters.JUnitReportReporter -->
<testsuite hostname="SUNIL-ASUS" failures="0" tests="1" name="test.BasicTest" time="19.472" errors="0" timestamp="2022-10-18T17:47:56 GST" skipped="0">
  <testcase classname="test.BasicTest" name="TestDownloadArticle" time="19.472"/>
  <system-out/>
</testsuite> <!-- test.BasicTest -->
